nohup: ignoring input
(34, 5) (11, 5) (11, 5)
Number of parameters: 71751528
Epoch 001: | Time(s): 3.153| Train Loss: 1.4439 | Val Loss: 0.9839
=============================== Best model Saved! Val MSE: 0.9839
count: 0
Epoch 002: | Time(s): 0.942| Train Loss: 0.9800 | Val Loss: 0.7150
=============================== Best model Saved! Val MSE: 0.7150
count: 0
Epoch 003: | Time(s): 0.889| Train Loss: 0.7117 | Val Loss: 0.5755
=============================== Best model Saved! Val MSE: 0.5755
count: 0
Epoch 004: | Time(s): 0.895| Train Loss: 0.5727 | Val Loss: 0.4802
=============================== Best model Saved! Val MSE: 0.4802
count: 0
Epoch 005: | Time(s): 0.909| Train Loss: 0.4775 | Val Loss: 0.4064
=============================== Best model Saved! Val MSE: 0.4064
count: 0
Epoch 006: | Time(s): 0.973| Train Loss: 0.4042 | Val Loss: 0.3458
=============================== Best model Saved! Val MSE: 0.3458
count: 0
Epoch 007: | Time(s): 0.916| Train Loss: 0.3439 | Val Loss: 0.2952
=============================== Best model Saved! Val MSE: 0.2952
count: 0
Epoch 008: | Time(s): 0.895| Train Loss: 0.2936 | Val Loss: 0.2526
=============================== Best model Saved! Val MSE: 0.2526
count: 0
Epoch 009: | Time(s): 0.928| Train Loss: 0.2511 | Val Loss: 0.2165
=============================== Best model Saved! Val MSE: 0.2165
count: 0
Epoch 010: | Time(s): 0.939| Train Loss: 0.2153 | Val Loss: 0.1858
=============================== Best model Saved! Val MSE: 0.1858
count: 0
Epoch 011: | Time(s): 0.931| Train Loss: 0.1846 | Val Loss: 0.1598
=============================== Best model Saved! Val MSE: 0.1598
count: 0
Epoch 012: | Time(s): 1.007| Train Loss: 0.1588 | Val Loss: 0.1383
=============================== Best model Saved! Val MSE: 0.1383
count: 0
Epoch 013: | Time(s): 0.889| Train Loss: 0.1375 | Val Loss: 0.1207
=============================== Best model Saved! Val MSE: 0.1207
count: 0
Epoch 014: | Time(s): 0.902| Train Loss: 0.1203 | Val Loss: 0.1071
=============================== Best model Saved! Val MSE: 0.1071
count: 0
Epoch 015: | Time(s): 0.913| Train Loss: 0.1067 | Val Loss: 0.0965
=============================== Best model Saved! Val MSE: 0.0965
count: 0
Epoch 016: | Time(s): 0.904| Train Loss: 0.0962 | Val Loss: 0.0884
=============================== Best model Saved! Val MSE: 0.0884
count: 0
Epoch 017: | Time(s): 0.901| Train Loss: 0.0883 | Val Loss: 0.0825
=============================== Best model Saved! Val MSE: 0.0825
count: 0
Epoch 018: | Time(s): 0.915| Train Loss: 0.0825 | Val Loss: 0.0784
=============================== Best model Saved! Val MSE: 0.0784
count: 0
Epoch 019: | Time(s): 0.905| Train Loss: 0.0785 | Val Loss: 0.0758
=============================== Best model Saved! Val MSE: 0.0758
count: 0
Epoch 020: | Time(s): 0.897| Train Loss: 0.0759 | Val Loss: 0.0741
=============================== Best model Saved! Val MSE: 0.0741
count: 0
Epoch 021: | Time(s): 0.915| Train Loss: 0.0743 | Val Loss: 0.0733
=============================== Best model Saved! Val MSE: 0.0733
count: 0
Epoch 022: | Time(s): 0.917| Train Loss: 0.0735 | Val Loss: 0.0723
=============================== Best model Saved! Val MSE: 0.0723
count: 0
Epoch 023: | Time(s): 1.039| Train Loss: 0.0725 | Val Loss: 0.0711
=============================== Best model Saved! Val MSE: 0.0711
count: 0
Epoch 024: | Time(s): 0.886| Train Loss: 0.0713 | Val Loss: 0.0693
=============================== Best model Saved! Val MSE: 0.0693
count: 0
Epoch 025: | Time(s): 0.892| Train Loss: 0.0696 | Val Loss: 0.0674
=============================== Best model Saved! Val MSE: 0.0674
count: 0
Epoch 026: | Time(s): 0.895| Train Loss: 0.0675 | Val Loss: 0.0652
=============================== Best model Saved! Val MSE: 0.0652
count: 0
Epoch 027: | Time(s): 0.940| Train Loss: 0.0654 | Val Loss: 0.0633
=============================== Best model Saved! Val MSE: 0.0633
count: 0
Epoch 028: | Time(s): 0.920| Train Loss: 0.0634 | Val Loss: 0.0616
=============================== Best model Saved! Val MSE: 0.0616
count: 0
Epoch 029: | Time(s): 1.021| Train Loss: 0.0617 | Val Loss: 0.0603
=============================== Best model Saved! Val MSE: 0.0603
count: 0
Epoch 030: | Time(s): 0.948| Train Loss: 0.0602 | Val Loss: 0.0589
=============================== Best model Saved! Val MSE: 0.0589
count: 0
Epoch 031: | Time(s): 0.956| Train Loss: 0.0590 | Val Loss: 0.0578
=============================== Best model Saved! Val MSE: 0.0578
count: 0
Epoch 032: | Time(s): 0.912| Train Loss: 0.0579 | Val Loss: 0.0568
=============================== Best model Saved! Val MSE: 0.0568
count: 0
Epoch 033: | Time(s): 0.962| Train Loss: 0.0568 | Val Loss: 0.0558
=============================== Best model Saved! Val MSE: 0.0558
count: 0
Epoch 034: | Time(s): 0.897| Train Loss: 0.0558 | Val Loss: 0.0548
=============================== Best model Saved! Val MSE: 0.0548
count: 0
Epoch 035: | Time(s): 0.890| Train Loss: 0.0549 | Val Loss: 0.0539
=============================== Best model Saved! Val MSE: 0.0539
count: 0
Epoch 036: | Time(s): 0.925| Train Loss: 0.0539 | Val Loss: 0.0533
=============================== Best model Saved! Val MSE: 0.0533
count: 0
Epoch 037: | Time(s): 0.917| Train Loss: 0.0533 | Val Loss: 0.0528
=============================== Best model Saved! Val MSE: 0.0528
count: 0
Epoch 038: | Time(s): 0.905| Train Loss: 0.0528 | Val Loss: 0.0526
=============================== Best model Saved! Val MSE: 0.0526
count: 0
Epoch 039: | Time(s): 0.895| Train Loss: 0.0526 | Val Loss: 0.0527
count: 1
Epoch 040: | Time(s): 0.867| Train Loss: 0.0525 | Val Loss: 0.0525
=============================== Best model Saved! Val MSE: 0.0525
count: 0
Epoch 041: | Time(s): 0.934| Train Loss: 0.0525 | Val Loss: 0.0526
count: 1
Epoch 042: | Time(s): 0.861| Train Loss: 0.0527 | Val Loss: 0.0529
count: 2
Epoch 043: | Time(s): 0.854| Train Loss: 0.0527 | Val Loss: 0.0531
count: 3
Epoch 044: | Time(s): 0.845| Train Loss: 0.0530 | Val Loss: 0.0533
count: 4
Epoch 045: | Time(s): 0.859| Train Loss: 0.0530 | Val Loss: 0.0533
count: 5
Epoch 046: | Time(s): 0.898| Train Loss: 0.0531 | Val Loss: 0.0532
count: 6
Epoch 047: | Time(s): 0.872| Train Loss: 0.0531 | Val Loss: 0.0530
count: 7
Epoch 048: | Time(s): 0.852| Train Loss: 0.0530 | Val Loss: 0.0528
count: 8
Epoch 049: | Time(s): 0.941| Train Loss: 0.0528 | Val Loss: 0.0526
count: 9
Epoch 050: | Time(s): 0.874| Train Loss: 0.0525 | Val Loss: 0.0524
=============================== Best model Saved! Val MSE: 0.0524
count: 0
Epoch 051: | Time(s): 0.880| Train Loss: 0.0522 | Val Loss: 0.0520
=============================== Best model Saved! Val MSE: 0.0520
count: 0
Epoch 052: | Time(s): 0.866| Train Loss: 0.0520 | Val Loss: 0.0519
=============================== Best model Saved! Val MSE: 0.0519
count: 0
Epoch 053: | Time(s): 0.860| Train Loss: 0.0518 | Val Loss: 0.0518
=============================== Best model Saved! Val MSE: 0.0518
count: 0
Epoch 054: | Time(s): 0.905| Train Loss: 0.0517 | Val Loss: 0.0518
count: 1
Epoch 055: | Time(s): 0.864| Train Loss: 0.0516 | Val Loss: 0.0517
=============================== Best model Saved! Val MSE: 0.0517
count: 0
Epoch 056: | Time(s): 0.876| Train Loss: 0.0517 | Val Loss: 0.0518
count: 1
Epoch 057: | Time(s): 0.879| Train Loss: 0.0517 | Val Loss: 0.0519
count: 2
Epoch 058: | Time(s): 0.872| Train Loss: 0.0518 | Val Loss: 0.0520
count: 3
Epoch 059: | Time(s): 0.869| Train Loss: 0.0519 | Val Loss: 0.0521
count: 4
Epoch 060: | Time(s): 0.901| Train Loss: 0.0520 | Val Loss: 0.0520
count: 5
Epoch 061: | Time(s): 0.869| Train Loss: 0.0521 | Val Loss: 0.0521
count: 6
Epoch 062: | Time(s): 0.863| Train Loss: 0.0521 | Val Loss: 0.0521
count: 7
Epoch 063: | Time(s): 0.870| Train Loss: 0.0521 | Val Loss: 0.0522
count: 8
Epoch 064: | Time(s): 0.905| Train Loss: 0.0521 | Val Loss: 0.0524
count: 9
Epoch 065: | Time(s): 0.978| Train Loss: 0.0521 | Val Loss: 0.0522
count: 10
Epoch 066: | Time(s): 0.936| Train Loss: 0.0522 | Val Loss: 0.0522
count: 11
Epoch 067: | Time(s): 0.900| Train Loss: 0.0522 | Val Loss: 0.0524
count: 12
Epoch 068: | Time(s): 0.855| Train Loss: 0.0522 | Val Loss: 0.0523
count: 13
Epoch 069: | Time(s): 0.845| Train Loss: 0.0522 | Val Loss: 0.0524
count: 14
Epoch 070: | Time(s): 0.853| Train Loss: 0.0524 | Val Loss: 0.0525
count: 15
Epoch 071: | Time(s): 0.848| Train Loss: 0.0524 | Val Loss: 0.0524
count: 16
Epoch 072: | Time(s): 0.869| Train Loss: 0.0524 | Val Loss: 0.0525
count: 17
Epoch 073: | Time(s): 0.849| Train Loss: 0.0525 | Val Loss: 0.0525
count: 18
Epoch 074: | Time(s): 0.856| Train Loss: 0.0524 | Val Loss: 0.0526
count: 19
Epoch 075: | Time(s): 0.879| Train Loss: 0.0525 | Val Loss: 0.0526
count: 20
Epoch 076: | Time(s): 0.879| Train Loss: 0.0524 | Val Loss: 0.0525
count: 21
Epoch 077: | Time(s): 0.877| Train Loss: 0.0524 | Val Loss: 0.0524
count: 22
Epoch 078: | Time(s): 0.901| Train Loss: 0.0524 | Val Loss: 0.0524
count: 23
Epoch 079: | Time(s): 0.914| Train Loss: 0.0523 | Val Loss: 0.0524
count: 24
Epoch 080: | Time(s): 0.880| Train Loss: 0.0523 | Val Loss: 0.0523
count: 25
Epoch 081: | Time(s): 0.868| Train Loss: 0.0522 | Val Loss: 0.0524
count: 26
Epoch 082: | Time(s): 0.878| Train Loss: 0.0520 | Val Loss: 0.0522
count: 27
Epoch 083: | Time(s): 0.877| Train Loss: 0.0521 | Val Loss: 0.0522
count: 28
Epoch 084: | Time(s): 0.893| Train Loss: 0.0521 | Val Loss: 0.0521
count: 29
Epoch 085: | Time(s): 0.867| Train Loss: 0.0520 | Val Loss: 0.0521
count: 30
Epoch 086: | Time(s): 0.864| Train Loss: 0.0520 | Val Loss: 0.0521
count: 31
Epoch 087: | Time(s): 0.870| Train Loss: 0.0520 | Val Loss: 0.0520
count: 32
Epoch 088: | Time(s): 0.939| Train Loss: 0.0519 | Val Loss: 0.0519
count: 33
Epoch 089: | Time(s): 0.879| Train Loss: 0.0519 | Val Loss: 0.0520
count: 34
Epoch 090: | Time(s): 0.880| Train Loss: 0.0518 | Val Loss: 0.0519
count: 35
Epoch 091: | Time(s): 0.903| Train Loss: 0.0518 | Val Loss: 0.0518
count: 36
Epoch 092: | Time(s): 0.882| Train Loss: 0.0517 | Val Loss: 0.0518
count: 37
Epoch 093: | Time(s): 0.883| Train Loss: 0.0517 | Val Loss: 0.0519
count: 38
Epoch 094: | Time(s): 0.860| Train Loss: 0.0517 | Val Loss: 0.0517
=============================== Best model Saved! Val MSE: 0.0517
count: 0
Epoch 095: | Time(s): 0.889| Train Loss: 0.0516 | Val Loss: 0.0517
=============================== Best model Saved! Val MSE: 0.0517
count: 0
Epoch 096: | Time(s): 0.880| Train Loss: 0.0517 | Val Loss: 0.0517
count: 1
Epoch 097: | Time(s): 0.884| Train Loss: 0.0516 | Val Loss: 0.0518
count: 2
Epoch 098: | Time(s): 0.854| Train Loss: 0.0516 | Val Loss: 0.0517
=============================== Best model Saved! Val MSE: 0.0517
count: 0
Epoch 099: | Time(s): 0.965| Train Loss: 0.0515 | Val Loss: 0.0516
=============================== Best model Saved! Val MSE: 0.0516
count: 0
Epoch 100: | Time(s): 0.938| Train Loss: 0.0515 | Val Loss: 0.0515
=============================== Best model Saved! Val MSE: 0.0515
count: 0
Epoch 101: | Time(s): 0.974| Train Loss: 0.0514 | Val Loss: 0.0515
=============================== Best model Saved! Val MSE: 0.0515
count: 0
Epoch 102: | Time(s): 0.921| Train Loss: 0.0514 | Val Loss: 0.0515
count: 1
Epoch 103: | Time(s): 0.877| Train Loss: 0.0514 | Val Loss: 0.0515
=============================== Best model Saved! Val MSE: 0.0515
count: 0
Epoch 104: | Time(s): 0.985| Train Loss: 0.0513 | Val Loss: 0.0514
=============================== Best model Saved! Val MSE: 0.0514
count: 0
Epoch 105: | Time(s): 0.901| Train Loss: 0.0513 | Val Loss: 0.0513
=============================== Best model Saved! Val MSE: 0.0513
count: 0
Epoch 106: | Time(s): 0.911| Train Loss: 0.0512 | Val Loss: 0.0513
=============================== Best model Saved! Val MSE: 0.0513
count: 0
Epoch 107: | Time(s): 0.902| Train Loss: 0.0512 | Val Loss: 0.0512
=============================== Best model Saved! Val MSE: 0.0512
count: 0
Epoch 108: | Time(s): 0.901| Train Loss: 0.0512 | Val Loss: 0.0511
=============================== Best model Saved! Val MSE: 0.0511
count: 0
Epoch 109: | Time(s): 1.371| Train Loss: 0.0511 | Val Loss: 0.0512
count: 1
Epoch 110: | Time(s): 1.054| Train Loss: 0.0510 | Val Loss: 0.0512
count: 2
Epoch 111: | Time(s): 1.002| Train Loss: 0.0510 | Val Loss: 0.0510
=============================== Best model Saved! Val MSE: 0.0510
count: 0
Epoch 112: | Time(s): 0.939| Train Loss: 0.0510 | Val Loss: 0.0510
=============================== Best model Saved! Val MSE: 0.0510
count: 0
Epoch 113: | Time(s): 0.893| Train Loss: 0.0509 | Val Loss: 0.0510
count: 1
Epoch 114: | Time(s): 0.874| Train Loss: 0.0510 | Val Loss: 0.0511
count: 2
Epoch 115: | Time(s): 0.858| Train Loss: 0.0509 | Val Loss: 0.0509
=============================== Best model Saved! Val MSE: 0.0509
count: 0
Epoch 116: | Time(s): 0.866| Train Loss: 0.0509 | Val Loss: 0.0510
count: 1
Epoch 117: | Time(s): 0.928| Train Loss: 0.0508 | Val Loss: 0.0510
count: 2
Epoch 118: | Time(s): 0.872| Train Loss: 0.0508 | Val Loss: 0.0509
=============================== Best model Saved! Val MSE: 0.0509
count: 0
Epoch 119: | Time(s): 1.003| Train Loss: 0.0508 | Val Loss: 0.0508
=============================== Best model Saved! Val MSE: 0.0508
count: 0
Epoch 120: | Time(s): 0.902| Train Loss: 0.0508 | Val Loss: 0.0509
count: 1
Epoch 121: | Time(s): 0.887| Train Loss: 0.0508 | Val Loss: 0.0509
count: 2
Epoch 122: | Time(s): 0.940| Train Loss: 0.0507 | Val Loss: 0.0508
count: 3
Epoch 123: | Time(s): 0.845| Train Loss: 0.0507 | Val Loss: 0.0508
count: 4
Epoch 124: | Time(s): 0.847| Train Loss: 0.0507 | Val Loss: 0.0508
=============================== Best model Saved! Val MSE: 0.0508
count: 0
Epoch 125: | Time(s): 0.869| Train Loss: 0.0507 | Val Loss: 0.0508
=============================== Best model Saved! Val MSE: 0.0508
count: 0
Epoch 126: | Time(s): 0.857| Train Loss: 0.0507 | Val Loss: 0.0508
count: 1
Epoch 127: | Time(s): 0.878| Train Loss: 0.0506 | Val Loss: 0.0506
=============================== Best model Saved! Val MSE: 0.0506
count: 0
Epoch 128: | Time(s): 0.849| Train Loss: 0.0507 | Val Loss: 0.0507
count: 1
Epoch 129: | Time(s): 0.906| Train Loss: 0.0506 | Val Loss: 0.0506
=============================== Best model Saved! Val MSE: 0.0506
count: 0
Epoch 130: | Time(s): 0.870| Train Loss: 0.0506 | Val Loss: 0.0506
=============================== Best model Saved! Val MSE: 0.0506
count: 0
Epoch 131: | Time(s): 0.871| Train Loss: 0.0505 | Val Loss: 0.0507
count: 1
Epoch 132: | Time(s): 0.890| Train Loss: 0.0505 | Val Loss: 0.0505
=============================== Best model Saved! Val MSE: 0.0505
count: 0
Epoch 133: | Time(s): 0.865| Train Loss: 0.0505 | Val Loss: 0.0506
count: 1
Epoch 134: | Time(s): 0.853| Train Loss: 0.0505 | Val Loss: 0.0505
=============================== Best model Saved! Val MSE: 0.0505
count: 0
Epoch 135: | Time(s): 0.874| Train Loss: 0.0505 | Val Loss: 0.0505
count: 1
Epoch 136: | Time(s): 0.949| Train Loss: 0.0504 | Val Loss: 0.0504
=============================== Best model Saved! Val MSE: 0.0504
count: 0
Epoch 137: | Time(s): 0.877| Train Loss: 0.0504 | Val Loss: 0.0505
count: 1
Epoch 138: | Time(s): 0.848| Train Loss: 0.0504 | Val Loss: 0.0506
count: 2
Epoch 139: | Time(s): 0.854| Train Loss: 0.0505 | Val Loss: 0.0505
count: 3
Epoch 140: | Time(s): 0.877| Train Loss: 0.0504 | Val Loss: 0.0504
count: 4
Epoch 141: | Time(s): 0.850| Train Loss: 0.0503 | Val Loss: 0.0504
=============================== Best model Saved! Val MSE: 0.0504
count: 0
Epoch 142: | Time(s): 0.876| Train Loss: 0.0504 | Val Loss: 0.0504
count: 1
Epoch 143: | Time(s): 0.870| Train Loss: 0.0504 | Val Loss: 0.0505
count: 2
Epoch 144: | Time(s): 0.847| Train Loss: 0.0503 | Val Loss: 0.0504
=============================== Best model Saved! Val MSE: 0.0504
count: 0
Epoch 145: | Time(s): 0.943| Train Loss: 0.0503 | Val Loss: 0.0503
=============================== Best model Saved! Val MSE: 0.0503
count: 0
Epoch 146: | Time(s): 0.876| Train Loss: 0.0502 | Val Loss: 0.0504
count: 1
Epoch 147: | Time(s): 0.851| Train Loss: 0.0503 | Val Loss: 0.0504
count: 2
Epoch 148: | Time(s): 0.854| Train Loss: 0.0502 | Val Loss: 0.0502
=============================== Best model Saved! Val MSE: 0.0502
count: 0
Epoch 149: | Time(s): 0.869| Train Loss: 0.0502 | Val Loss: 0.0503
count: 1
Epoch 150: | Time(s): 0.868| Train Loss: 0.0502 | Val Loss: 0.0504
count: 2
Epoch 151: | Time(s): 0.854| Train Loss: 0.0501 | Val Loss: 0.0502
=============================== Best model Saved! Val MSE: 0.0502
count: 0
Epoch 152: | Time(s): 0.879| Train Loss: 0.0502 | Val Loss: 0.0503
count: 1
Epoch 153: | Time(s): 0.870| Train Loss: 0.0502 | Val Loss: 0.0503
count: 2
Epoch 154: | Time(s): 0.943| Train Loss: 0.0502 | Val Loss: 0.0501
=============================== Best model Saved! Val MSE: 0.0501
count: 0
Epoch 155: | Time(s): 0.867| Train Loss: 0.0501 | Val Loss: 0.0502
count: 1
Epoch 156: | Time(s): 0.852| Train Loss: 0.0501 | Val Loss: 0.0502
count: 2
Epoch 157: | Time(s): 0.877| Train Loss: 0.0501 | Val Loss: 0.0502
count: 3
Epoch 158: | Time(s): 0.852| Train Loss: 0.0501 | Val Loss: 0.0501
=============================== Best model Saved! Val MSE: 0.0501
count: 0
Epoch 159: | Time(s): 0.966| Train Loss: 0.0500 | Val Loss: 0.0500
=============================== Best model Saved! Val MSE: 0.0500
count: 0
Epoch 160: | Time(s): 0.851| Train Loss: 0.0501 | Val Loss: 0.0502
count: 1
Epoch 161: | Time(s): 0.873| Train Loss: 0.0501 | Val Loss: 0.0501
count: 2
Epoch 162: | Time(s): 0.853| Train Loss: 0.0500 | Val Loss: 0.0500
count: 3
Epoch 163: | Time(s): 0.893| Train Loss: 0.0500 | Val Loss: 0.0503
count: 4
Epoch 164: | Time(s): 0.845| Train Loss: 0.0500 | Val Loss: 0.0501
count: 5
Epoch 165: | Time(s): 0.888| Train Loss: 0.0500 | Val Loss: 0.0502
count: 6
Epoch 166: | Time(s): 0.865| Train Loss: 0.0500 | Val Loss: 0.0501
count: 7
Epoch 167: | Time(s): 0.845| Train Loss: 0.0500 | Val Loss: 0.0501
count: 8
Epoch 168: | Time(s): 0.843| Train Loss: 0.0500 | Val Loss: 0.0500
count: 9
Epoch 169: | Time(s): 0.846| Train Loss: 0.0500 | Val Loss: 0.0501
count: 10
Epoch 170: | Time(s): 0.847| Train Loss: 0.0500 | Val Loss: 0.0500
count: 11
Epoch 171: | Time(s): 0.859| Train Loss: 0.0500 | Val Loss: 0.0500
count: 12
Epoch 172: | Time(s): 0.868| Train Loss: 0.0499 | Val Loss: 0.0500
=============================== Best model Saved! Val MSE: 0.0500
count: 0
Epoch 173: | Time(s): 0.849| Train Loss: 0.0499 | Val Loss: 0.0501
count: 1
Epoch 174: | Time(s): 0.937| Train Loss: 0.0498 | Val Loss: 0.0500
count: 2
Epoch 175: | Time(s): 0.850| Train Loss: 0.0498 | Val Loss: 0.0499
=============================== Best model Saved! Val MSE: 0.0499
count: 0
Epoch 176: | Time(s): 0.873| Train Loss: 0.0499 | Val Loss: 0.0500
count: 1
Epoch 177: | Time(s): 0.867| Train Loss: 0.0499 | Val Loss: 0.0500
count: 2
Epoch 178: | Time(s): 0.859| Train Loss: 0.0499 | Val Loss: 0.0500
count: 3
Epoch 179: | Time(s): 0.850| Train Loss: 0.0499 | Val Loss: 0.0499
count: 4
Epoch 180: | Time(s): 0.872| Train Loss: 0.0498 | Val Loss: 0.0499
=============================== Best model Saved! Val MSE: 0.0499
count: 0
Epoch 181: | Time(s): 0.895| Train Loss: 0.0499 | Val Loss: 0.0499
count: 1
Epoch 182: | Time(s): 0.850| Train Loss: 0.0499 | Val Loss: 0.0498
=============================== Best model Saved! Val MSE: 0.0498
count: 0
Epoch 183: | Time(s): 0.942| Train Loss: 0.0498 | Val Loss: 0.0499
count: 1
Epoch 184: | Time(s): 0.871| Train Loss: 0.0498 | Val Loss: 0.0499
count: 2
Epoch 185: | Time(s): 0.881| Train Loss: 0.0498 | Val Loss: 0.0498
count: 3
Epoch 186: | Time(s): 0.862| Train Loss: 0.0498 | Val Loss: 0.0499
count: 4
Epoch 187: | Time(s): 0.866| Train Loss: 0.0498 | Val Loss: 0.0498
count: 5
Epoch 188: | Time(s): 0.853| Train Loss: 0.0498 | Val Loss: 0.0497
=============================== Best model Saved! Val MSE: 0.0497
count: 0
Epoch 189: | Time(s): 0.877| Train Loss: 0.0497 | Val Loss: 0.0499
count: 1
Epoch 190: | Time(s): 0.864| Train Loss: 0.0497 | Val Loss: 0.0498
count: 2
Epoch 191: | Time(s): 0.851| Train Loss: 0.0497 | Val Loss: 0.0497
=============================== Best model Saved! Val MSE: 0.0497
count: 0
Epoch 192: | Time(s): 0.918| Train Loss: 0.0497 | Val Loss: 0.0499
count: 1
Epoch 193: | Time(s): 0.906| Train Loss: 0.0497 | Val Loss: 0.0498
count: 2
Epoch 194: | Time(s): 0.873| Train Loss: 0.0497 | Val Loss: 0.0498
count: 3
Epoch 195: | Time(s): 0.844| Train Loss: 0.0497 | Val Loss: 0.0499
count: 4
Epoch 196: | Time(s): 0.852| Train Loss: 0.0497 | Val Loss: 0.0498
count: 5
Epoch 197: | Time(s): 0.884| Train Loss: 0.0496 | Val Loss: 0.0498
count: 6
Epoch 198: | Time(s): 0.917| Train Loss: 0.0497 | Val Loss: 0.0497
=============================== Best model Saved! Val MSE: 0.0497
count: 0
Epoch 199: | Time(s): 0.899| Train Loss: 0.0496 | Val Loss: 0.0498
count: 1
Epoch 200: | Time(s): 0.846| Train Loss: 0.0496 | Val Loss: 0.0497
count: 2
